(F25.55715538937423
(lp0
(F1.004
F0.377
tp1
a(F1.0569999999999999
F0.57699999999999996
tp2
a(F1.377
F0.70299999999999996
tp3
a(F0.79000000000000004
F1.0429999999999999
tp4
a(F0.78400000000000003
F0.76300000000000001
tp5
a(F0.877
F1.23
tp6
a(F0.93700000000000006
F1.4770000000000001
tp7
a(F1.1839999999999999
F1.51
tp8
a(F1.4039999999999999
F1.2769999999999999
tp9
a(F1.6240000000000001
F1.2769999999999999
tp10
a(F1.827
F1.431
tp11
a(F1.552
F1.079
tp12
a(F1.653
F0.77600000000000002
tp13
a(F1.7969999999999999
F0.39700000000000002
tp14
a(F2.29
F0.050000000000000003
tp15
a(F2.5569999999999999
F0.25
tp16
a(F2.2370000000000001
F0.437
tp17
a(F2.5299999999999998
F0.72999999999999998
tp18
a(F2.8239999999999998
F0.60999999999999999
tp19
a(F2.2170000000000001
F0.91700000000000004
tp20
a(F2.0369999999999999
F0.87
tp21
a(F2.0699999999999998
F1.083
tp22
a(F2.3780000000000001
F1.3129999999999999
tp23
a(F1.7589999999999999
F1.9830000000000001
tp24
a(F1.9379999999999999
F1.847
tp25
a(F1.677
F1.663
tp26
a(F1.524
F1.75
tp27
a(F1.3100000000000001
F2.0110000000000001
tp28
a(F1.1970000000000001
F1.8300000000000001
tp29
a(F0.65000000000000002
F1.677
tp30
a(F0.51000000000000001
F1.423
tp31
a(F0.157
F1.9099999999999999
tp32
a(F0.55000000000000004
F2.0369999999999999
tp33
a(F1.2170000000000001
F2.2050000000000001
tp34
a(F1.3260000000000001
F2.6579999999999999
tp35
a(F1.512
F2.8130000000000002
tp36
a(F1.2190000000000001
F2.8799999999999999
tp37
a(F1.8899999999999999
F2.3170000000000002
tp38
a(F2.23
F1.97
tp39
a(F2.6699999999999999
F1.79
tp40
a(F2.7610000000000001
F1.8999999999999999
tp41
a(F2.589
F2.278
tp42
a(F2.2250000000000001
F2.258
tp43
a(F2.0720000000000001
F2.5299999999999998
tp44
a(F2.8410000000000002
F3.3290000000000002
tp45
a(F3.577
F4.3200000000000003
tp46
a(F2.6440000000000001
F4.2919999999999998
tp47
a(F1.7969999999999999
F3.9409999999999998
tp48
a(F2.1909999999999998
F3.339
tp49
a(F2.3199999999999998
F2.9910000000000001
tp50
a(F2.8069999999999999
F2.2999999999999998
tp51
a(F4.1769999999999996
F2.6960000000000002
tp52
a(F3.8519999999999999
F2.3889999999999998
tp53
a(F4.1989999999999998
F1.702
tp54
atp55
.